<?xml version="1.0" encoding="UTF-8"?>
<Site BuildName="(empty)"
	BuildStamp="20231220-1047-Experimental"
	Name="(empty)"
	Generator="ctest-3.18.4"
	CompilerName=""
	CompilerVersion=""
	OSName="Linux"
	Hostname="beab69472fd4"
	OSRelease="5.15.49-linuxkit"
	OSVersion="#1 SMP PREEMPT Tue Sep 13 07:51:32 UTC 2022"
	OSPlatform="aarch64"
	Is64Bits="1"
	VendorString=""
	VendorID="Unknown Manufacturer"
	FamilyID="8"
	ModelID="0"
	ProcessorCacheSize="0"
	NumberOfLogicalCPU="4"
	NumberOfPhysicalCPU="1"
	TotalVirtualMemory="1023"
	TotalPhysicalMemory="3933"
	LogicalProcessorsPerPhysical="4"
	ProcessorClockFrequency="0"
	>
	<Testing>
		<StartDateTime>Dec 20 10:47 UTC</StartDateTime>
		<StartTestTime>1703069260</StartTestTime>
		<TestList/>
		<EndDateTime>Dec 20 10:47 UTC</EndDateTime>
		<EndTestTime>1703069260</EndTestTime>
		<ElapsedMinutes>0</ElapsedMinutes>
	</Testing>
</Site>
